{
  "stats": {
    "suites": 1,
    "tests": 4,
    "passes": 3,
    "pending": 0,
    "failures": 1,
    "start": "2022-04-18T13:01:21.456Z",
    "end": "2022-04-18T13:01:44.466Z",
    "duration": 23010,
    "testsRegistered": 4,
    "passPercent": 75,
    "pendingPercent": 0,
    "other": 0,
    "hasOther": false,
    "skipped": 0,
    "hasSkipped": false
  },
  "results": [
    {
      "uuid": "5a6e49a8-8f2d-473d-86be-848ba025b6a1",
      "title": "",
      "fullFile": "cypress/integration/TestCases/ESS/Login.js",
      "file": "cypress/integration/TestCases/ESS/Login.js",
      "beforeHooks": [],
      "afterHooks": [],
      "tests": [],
      "suites": [
        {
          "uuid": "2dd02169-cb2d-4dbd-9e2f-3687f2beea3d",
          "title": "Login",
          "fullFile": "",
          "file": "",
          "beforeHooks": [],
          "afterHooks": [],
          "tests": [
            {
              "title": "Login with valid credentials",
              "fullTitle": "Login Login with valid credentials",
              "timedOut": null,
              "duration": 10122,
              "state": "passed",
              "speed": "slow",
              "pass": true,
              "fail": false,
              "pending": false,
              "context": null,
              "code": "const lp = new _LoginPage.default();\nlp.visit();\nlp.enterCredentials('mnabeel@nisum.com', 'nisum123');\nlp.clickLogin();\nlp.verifyWelcomeText();",
              "err": {},
              "uuid": "10efafc4-fd1f-4599-96be-12e8994752a7",
              "parentUUID": "2dd02169-cb2d-4dbd-9e2f-3687f2beea3d",
              "isHook": false,
              "skipped": false
            },
            {
              "title": "Verify Invalid Notification Appear with Invalid Username and Password",
              "fullTitle": "Login Verify Invalid Notification Appear with Invalid Username and Password",
              "timedOut": null,
              "duration": 3120,
              "state": "passed",
              "speed": "fast",
              "pass": true,
              "fail": false,
              "pending": false,
              "context": null,
              "code": "const lp = new _LoginPage.default();\nlp.visit();\nlp.enterCredentials('mnabeel@nisum.com', 'nisum2123');\nlp.clickLogin();\nlp.verifyInvalidLoginNotification();",
              "err": {},
              "uuid": "f1a803e9-524a-4182-a20b-626d54c35823",
              "parentUUID": "2dd02169-cb2d-4dbd-9e2f-3687f2beea3d",
              "isHook": false,
              "skipped": false
            },
            {
              "title": "Verify Disable or User Without any role should get Appropriate message",
              "fullTitle": "Login Verify Disable or User Without any role should get Appropriate message",
              "timedOut": null,
              "duration": 7048,
              "state": "failed",
              "speed": null,
              "pass": false,
              "fail": true,
              "pending": false,
              "context": null,
              "code": "const lp = new _LoginPage.default();\nlp.visit();\nlp.enterCredentials('nabeelravians@gmail.com', 'nisum123');\nlp.clickLogin();\nlp.verifyNoUserRoleNotification();",
              "err": {
                "message": "AssertionError: Timed out retrying after 4000ms: expected '[ <div.el-notification.right>, 1 more... ]' to have text 'Oops!User is either disabled or do not have adequate permissions to log in.', but the text was 'Oops!No leave quota record found for employee code 321789Request failed with status code 404'",
                "estack": "AssertionError: Timed out retrying after 4000ms: expected '[ <div.el-notification.right>, 1 more... ]' to have text 'Oops!User is either disabled or do not have adequate permissions to log in.', but the text was 'Oops!No leave quota record found for employee code 321789Request failed with status code 404'\n    at LoginPage.verifyNoUserRoleNotification (https://qa-hcc.mynisum.com/__cypress/tests?p=cypress/integration/TestCases/ESS/Login.js:165:33)\n    at Context.eval (https://qa-hcc.mynisum.com/__cypress/tests?p=cypress/integration/TestCases/ESS/Login.js:230:8)",
                "diff": "- 'Oops!No leave quota record found for employee code 321789Request failed with status code 404'\n+ 'Oops!User is either disabled or do not have adequate permissions to log in.'\n"
              },
              "uuid": "ce764f1c-5c22-4f05-94dd-5d62d827a61e",
              "parentUUID": "2dd02169-cb2d-4dbd-9e2f-3687f2beea3d",
              "isHook": false,
              "skipped": false
            },
            {
              "title": "Verify User should logout succefully",
              "fullTitle": "Login Verify User should logout succefully",
              "timedOut": null,
              "duration": 2580,
              "state": "passed",
              "speed": "fast",
              "pass": true,
              "fail": false,
              "pending": false,
              "context": null,
              "code": "const lp = new _LoginPage.default();\nlp.visit();\nlp.enterCredentials('mnabeel@nisum.com', 'nisum123');\nlp.clickLogin();\nlp.clickDownArrow();\nlp.clickLogoutButton();\nlp.verifyLogout();",
              "err": {},
              "uuid": "eaab7111-ff9d-4cae-b6be-5b43e984bb2b",
              "parentUUID": "2dd02169-cb2d-4dbd-9e2f-3687f2beea3d",
              "isHook": false,
              "skipped": false
            }
          ],
          "suites": [],
          "passes": [
            "10efafc4-fd1f-4599-96be-12e8994752a7",
            "f1a803e9-524a-4182-a20b-626d54c35823",
            "eaab7111-ff9d-4cae-b6be-5b43e984bb2b"
          ],
          "failures": [
            "ce764f1c-5c22-4f05-94dd-5d62d827a61e"
          ],
          "pending": [],
          "skipped": [],
          "duration": 22870,
          "root": false,
          "rootEmpty": false,
          "_timeout": 2000
        }
      ],
      "passes": [],
      "failures": [],
      "pending": [],
      "skipped": [],
      "duration": 0,
      "root": true,
      "rootEmpty": true,
      "_timeout": 2000
    }
  ],
  "meta": {
    "mocha": {
      "version": "7.0.1"
    },
    "mochawesome": {
      "options": {
        "quiet": false,
        "reportFilename": "mochawesome",
        "saveHtml": true,
        "saveJson": true,
        "consoleReporter": "spec",
        "useInlineDiffs": false,
        "code": true
      },
      "version": "7.1.3"
    },
    "marge": {
      "options": {
        "reportDir": "cypress/reports",
        "reportFileName": "report",
        "overwrite": false,
        "html": true,
        "json": true
      },
      "version": "6.2.0"
    }
  }
}