{
  "stats": {
    "suites": 1,
    "tests": 1,
    "passes": 0,
    "pending": 0,
    "failures": 1,
    "start": "2022-04-18T13:01:46.739Z",
    "end": "2022-04-18T13:01:46.972Z",
    "duration": 233,
    "testsRegistered": 1,
    "passPercent": 0,
    "pendingPercent": 0,
    "other": 0,
    "hasOther": false,
    "skipped": 0,
    "hasSkipped": false
  },
  "results": [
    {
      "uuid": "621aa884-cf28-425a-8a44-125795500a10",
      "title": "",
      "fullFile": "cypress/integration/TestCases/ESS/TeamManagment.js",
      "file": "cypress/integration/TestCases/ESS/TeamManagment.js",
      "beforeHooks": [],
      "afterHooks": [],
      "tests": [],
      "suites": [
        {
          "uuid": "c9297607-865f-4437-a45d-e43dffb1e775",
          "title": "Team Managment",
          "fullFile": "",
          "file": "",
          "beforeHooks": [],
          "afterHooks": [],
          "tests": [
            {
              "title": "Verify that user can navigate to Team Managment Section",
              "fullTitle": "Team Managment Verify that user can navigate to Team Managment Section",
              "timedOut": null,
              "duration": 157,
              "state": "failed",
              "speed": null,
              "pass": false,
              "fail": true,
              "pending": false,
              "context": null,
              "code": "cy.visit('/');\nconst gen = new _general.default();\nconst tm = new TeamManagment();\nlp.login(\"mnabeel@nisum.com\", \"nisum123\");",
              "err": {
                "message": "ReferenceError: TeamManagment is not defined",
                "estack": "ReferenceError: TeamManagment is not defined\n    at Context.eval (https://qa-hcc.mynisum.com/__cypress/tests?p=cypress/integration/TestCases/ESS/TeamManagment.js:190:16)",
                "diff": null
              },
              "uuid": "5323ec6e-25de-4e3f-8ff0-a3f83d20c43c",
              "parentUUID": "c9297607-865f-4437-a45d-e43dffb1e775",
              "isHook": false,
              "skipped": false
            }
          ],
          "suites": [],
          "passes": [],
          "failures": [
            "5323ec6e-25de-4e3f-8ff0-a3f83d20c43c"
          ],
          "pending": [],
          "skipped": [],
          "duration": 157,
          "root": false,
          "rootEmpty": false,
          "_timeout": 2000
        }
      ],
      "passes": [],
      "failures": [],
      "pending": [],
      "skipped": [],
      "duration": 0,
      "root": true,
      "rootEmpty": true,
      "_timeout": 2000
    }
  ],
  "meta": {
    "mocha": {
      "version": "7.0.1"
    },
    "mochawesome": {
      "options": {
        "quiet": false,
        "reportFilename": "mochawesome",
        "saveHtml": true,
        "saveJson": true,
        "consoleReporter": "spec",
        "useInlineDiffs": false,
        "code": true
      },
      "version": "7.1.3"
    },
    "marge": {
      "options": {
        "reportDir": "cypress/reports",
        "reportFileName": "report",
        "overwrite": false,
        "html": true,
        "json": true
      },
      "version": "6.2.0"
    }
  }
}