{
  "stats": {
    "suites": 1,
    "tests": 4,
    "passes": 4,
    "pending": 0,
    "failures": 0,
    "start": "2022-04-07T17:48:34.860Z",
    "end": "2022-04-07T17:49:01.412Z",
    "duration": 26552,
    "testsRegistered": 4,
    "passPercent": 100,
    "pendingPercent": 0,
    "other": 0,
    "hasOther": false,
    "skipped": 0,
    "hasSkipped": false
  },
  "results": [
    {
      "uuid": "74800830-ad08-44ba-9c23-9514c50a29e7",
      "title": "",
      "fullFile": "cypress/integration/hcc/login.js",
      "file": "cypress/integration/hcc/login.js",
      "beforeHooks": [],
      "afterHooks": [],
      "tests": [],
      "suites": [
        {
          "uuid": "de7fce7a-408b-4ba6-96d8-da3ac89c6091",
          "title": "Login",
          "fullFile": "",
          "file": "",
          "beforeHooks": [],
          "afterHooks": [],
          "tests": [
            {
              "title": "Login with valid credentials",
              "fullTitle": "Login Login with valid credentials",
              "timedOut": null,
              "duration": 14414,
              "state": "passed",
              "speed": "slow",
              "pass": true,
              "fail": false,
              "pending": false,
              "context": null,
              "code": "const lp = new _LoginPage.default();\nlp.visit();\nlp.enterCredentials('mnabeel@nisum.com', 'nisum123');\nlp.clickLogin();\nlp.verifyWelcomeText();",
              "err": {},
              "uuid": "87f8ca0a-8338-462e-8819-9fa94ce8e897",
              "parentUUID": "de7fce7a-408b-4ba6-96d8-da3ac89c6091",
              "isHook": false,
              "skipped": false
            },
            {
              "title": "Verify Invalid Notification Appear with Invalid Username and Password",
              "fullTitle": "Login Verify Invalid Notification Appear with Invalid Username and Password",
              "timedOut": null,
              "duration": 3597,
              "state": "passed",
              "speed": "fast",
              "pass": true,
              "fail": false,
              "pending": false,
              "context": null,
              "code": "const lp = new _LoginPage.default();\nlp.visit();\nlp.enterCredentials('mnabeel@nisum.com', 'nisum2123');\nlp.clickLogin();\nlp.verifyInvalidLoginNotification();",
              "err": {},
              "uuid": "62132a89-4058-498b-833d-6efbd37fe65f",
              "parentUUID": "de7fce7a-408b-4ba6-96d8-da3ac89c6091",
              "isHook": false,
              "skipped": false
            },
            {
              "title": "Verify Disable or User Without any role should get Appropriate message",
              "fullTitle": "Login Verify Disable or User Without any role should get Appropriate message",
              "timedOut": null,
              "duration": 2394,
              "state": "passed",
              "speed": "fast",
              "pass": true,
              "fail": false,
              "pending": false,
              "context": null,
              "code": "const lp = new _LoginPage.default();\nlp.visit();\nlp.enterCredentials('nabeelravians@gmail.com', 'nisum123');\nlp.clickLogin();\nlp.verifyNoUserRoleNotification();",
              "err": {},
              "uuid": "942b9a1b-d785-4df0-92fb-9446cd5c6303",
              "parentUUID": "de7fce7a-408b-4ba6-96d8-da3ac89c6091",
              "isHook": false,
              "skipped": false
            },
            {
              "title": "Verify User should logout succefully",
              "fullTitle": "Login Verify User should logout succefully",
              "timedOut": null,
              "duration": 4593,
              "state": "passed",
              "speed": "fast",
              "pass": true,
              "fail": false,
              "pending": false,
              "context": null,
              "code": "const lp = new _LoginPage.default();\nlp.visit();\nlp.enterCredentials('mnabeel@nisum.com', 'nisum123');\nlp.clickLogin();\nlp.clickDownArrow();\nlp.clickLogoutButton();\nlp.verifyLogout();",
              "err": {},
              "uuid": "18674a67-bcb3-4912-b5c1-4517dc43f2a3",
              "parentUUID": "de7fce7a-408b-4ba6-96d8-da3ac89c6091",
              "isHook": false,
              "skipped": false
            }
          ],
          "suites": [],
          "passes": [
            "87f8ca0a-8338-462e-8819-9fa94ce8e897",
            "62132a89-4058-498b-833d-6efbd37fe65f",
            "942b9a1b-d785-4df0-92fb-9446cd5c6303",
            "18674a67-bcb3-4912-b5c1-4517dc43f2a3"
          ],
          "failures": [],
          "pending": [],
          "skipped": [],
          "duration": 24998,
          "root": false,
          "rootEmpty": false,
          "_timeout": 2000
        }
      ],
      "passes": [],
      "failures": [],
      "pending": [],
      "skipped": [],
      "duration": 0,
      "root": true,
      "rootEmpty": true,
      "_timeout": 2000
    }
  ],
  "meta": {
    "mocha": {
      "version": "7.0.1"
    },
    "mochawesome": {
      "options": {
        "quiet": false,
        "reportFilename": "mochawesome",
        "saveHtml": true,
        "saveJson": true,
        "consoleReporter": "spec",
        "useInlineDiffs": false,
        "code": true
      },
      "version": "7.1.3"
    },
    "marge": {
      "options": {
        "reportDir": "cypress/reports",
        "reportFileName": "report",
        "overwrite": false,
        "html": true,
        "json": true
      },
      "version": "6.2.0"
    }
  }
}