{
  "stats": {
    "suites": 1,
    "tests": 4,
    "passes": 4,
    "pending": 0,
    "failures": 0,
    "start": "2022-04-07T09:21:38.048Z",
    "end": "2022-04-07T09:21:58.920Z",
    "duration": 20872,
    "testsRegistered": 4,
    "passPercent": 100,
    "pendingPercent": 0,
    "other": 0,
    "hasOther": false,
    "skipped": 0,
    "hasSkipped": false
  },
  "results": [
    {
      "uuid": "596a8e9b-5808-4d65-94c2-5c49d368816d",
      "title": "",
      "fullFile": "cypress/integration/hcc/login.js",
      "file": "cypress/integration/hcc/login.js",
      "beforeHooks": [],
      "afterHooks": [],
      "tests": [],
      "suites": [
        {
          "uuid": "c7105efc-ff26-41ee-9abd-d5b457f6f7da",
          "title": "Login",
          "fullFile": "",
          "file": "",
          "beforeHooks": [],
          "afterHooks": [],
          "tests": [
            {
              "title": "Login with valid credentials",
              "fullTitle": "Login Login with valid credentials",
              "timedOut": null,
              "duration": 10758,
              "state": "passed",
              "speed": "slow",
              "pass": true,
              "fail": false,
              "pending": false,
              "context": null,
              "code": "const lp = new _LoginPage.default();\nlp.visit();\nlp.enterCredentials('mnabeel@nisum.com', 'nisum123');\nlp.clickLogin();\nlp.verifyWelcomeText();",
              "err": {},
              "uuid": "5cec25f7-8ba7-4496-8262-959c9739a979",
              "parentUUID": "c7105efc-ff26-41ee-9abd-d5b457f6f7da",
              "isHook": false,
              "skipped": false
            },
            {
              "title": "Verify Invalid Notification Appear with Invalid Username and Password",
              "fullTitle": "Login Verify Invalid Notification Appear with Invalid Username and Password",
              "timedOut": null,
              "duration": 3167,
              "state": "passed",
              "speed": "fast",
              "pass": true,
              "fail": false,
              "pending": false,
              "context": null,
              "code": "const lp = new _LoginPage.default();\nlp.visit();\nlp.enterCredentials('mnabeel@nisum.com', 'nisum2123');\nlp.clickLogin();\nlp.verifyInvalidLoginNotification();",
              "err": {},
              "uuid": "a5e4e186-db23-4973-b504-04dbee9cbd98",
              "parentUUID": "c7105efc-ff26-41ee-9abd-d5b457f6f7da",
              "isHook": false,
              "skipped": false
            },
            {
              "title": "Verify Disable or User Without any role should get Appropriate message",
              "fullTitle": "Login Verify Disable or User Without any role should get Appropriate message",
              "timedOut": null,
              "duration": 1649,
              "state": "passed",
              "speed": "fast",
              "pass": true,
              "fail": false,
              "pending": false,
              "context": null,
              "code": "const lp = new _LoginPage.default();\nlp.visit();\nlp.enterCredentials('nabeelravians@gmail.com', 'nisum123');\nlp.clickLogin();\nlp.verifyNoUserRoleNotification();",
              "err": {},
              "uuid": "82541494-7c4c-4c8a-8f94-291d93065448",
              "parentUUID": "c7105efc-ff26-41ee-9abd-d5b457f6f7da",
              "isHook": false,
              "skipped": false
            },
            {
              "title": "Verify User should logout succefully",
              "fullTitle": "Login Verify User should logout succefully",
              "timedOut": null,
              "duration": 3423,
              "state": "passed",
              "speed": "fast",
              "pass": true,
              "fail": false,
              "pending": false,
              "context": null,
              "code": "const lp = new _LoginPage.default();\nlp.visit();\nlp.enterCredentials('mnabeel@nisum.com', 'nisum123');\nlp.clickLogin();\nlp.clickDownArrow();\nlp.clickLogoutButton();\nlp.verifyLogout();",
              "err": {},
              "uuid": "7660fa03-adac-46b3-92ce-2a8c5a1c632e",
              "parentUUID": "c7105efc-ff26-41ee-9abd-d5b457f6f7da",
              "isHook": false,
              "skipped": false
            }
          ],
          "suites": [],
          "passes": [
            "5cec25f7-8ba7-4496-8262-959c9739a979",
            "a5e4e186-db23-4973-b504-04dbee9cbd98",
            "82541494-7c4c-4c8a-8f94-291d93065448",
            "7660fa03-adac-46b3-92ce-2a8c5a1c632e"
          ],
          "failures": [],
          "pending": [],
          "skipped": [],
          "duration": 18997,
          "root": false,
          "rootEmpty": false,
          "_timeout": 2000
        }
      ],
      "passes": [],
      "failures": [],
      "pending": [],
      "skipped": [],
      "duration": 0,
      "root": true,
      "rootEmpty": true,
      "_timeout": 2000
    }
  ],
  "meta": {
    "mocha": {
      "version": "7.0.1"
    },
    "mochawesome": {
      "options": {
        "quiet": false,
        "reportFilename": "mochawesome",
        "saveHtml": true,
        "saveJson": true,
        "consoleReporter": "spec",
        "useInlineDiffs": false,
        "code": true
      },
      "version": "7.1.3"
    },
    "marge": {
      "options": {
        "reportDir": "cypress/reports",
        "reportFileName": "report",
        "overwrite": true,
        "html": true,
        "json": true
      },
      "version": "6.2.0"
    }
  }
}