{
  "stats": {
    "suites": 1,
    "tests": 4,
    "passes": 4,
    "pending": 0,
    "failures": 0,
    "start": "2022-04-07T19:12:56.141Z",
    "end": "2022-04-07T19:13:25.829Z",
    "duration": 29688,
    "testsRegistered": 4,
    "passPercent": 100,
    "pendingPercent": 0,
    "other": 0,
    "hasOther": false,
    "skipped": 0,
    "hasSkipped": false
  },
  "results": [
    {
      "uuid": "13c45172-8cc2-4a03-beec-72a3c33176b8",
      "title": "",
      "fullFile": "cypress/integration/hcc/eventsAndLeave.js",
      "file": "cypress/integration/hcc/eventsAndLeave.js",
      "beforeHooks": [],
      "afterHooks": [],
      "tests": [],
      "suites": [
        {
          "uuid": "6077fba1-9843-4b51-b30e-3190a7e4ae4c",
          "title": "Events and Leaves",
          "fullFile": "",
          "file": "",
          "beforeHooks": [],
          "afterHooks": [],
          "tests": [
            {
              "title": "Verify that employee  should navigate to Public Holiday Calander",
              "fullTitle": "Events and Leaves Verify that employee  should navigate to Public Holiday Calander",
              "timedOut": null,
              "duration": 14451,
              "state": "passed",
              "speed": "slow",
              "pass": true,
              "fail": false,
              "pending": false,
              "context": null,
              "code": "const lp = new _LoginPage.default();\nconst el = new _essLeaves.default();\nlp.login(\"mnabeel@nisum.com\", \"nisum123\"); //el.clickHamburgMenu()\nel.clickEventAndLeave();\nel.clickPublicHolidaysCalendar();\nel.verifyPublicHolidaysCalendarTitle();\nel.verifyPublicHolidayCalendarURL();",
              "err": {},
              "uuid": "de901bda-cf8f-4c25-b19c-415c6f93f08b",
              "parentUUID": "6077fba1-9843-4b51-b30e-3190a7e4ae4c",
              "isHook": false,
              "skipped": false
            },
            {
              "title": "Verify that employee  should navigate to Leave Calander",
              "fullTitle": "Events and Leaves Verify that employee  should navigate to Leave Calander",
              "timedOut": null,
              "duration": 4730,
              "state": "passed",
              "speed": "fast",
              "pass": true,
              "fail": false,
              "pending": false,
              "context": null,
              "code": "const lp = new _LoginPage.default();\nconst el = new _essLeaves.default();\nlp.login(\"mnabeel@nisum.com\", \"nisum123\"); //  el.clickHamburgMenu()\nel.clickEventAndLeave();\nel.clickLeavesCalendar();\nel.verifyLeavesCalendarTitle();\nel.verifyLeavesCalendarURL();",
              "err": {},
              "uuid": "a77fad5e-91d6-43b1-bf2f-d40c6ecba374",
              "parentUUID": "6077fba1-9843-4b51-b30e-3190a7e4ae4c",
              "isHook": false,
              "skipped": false
            },
            {
              "title": "Verify that employee  should navigate to Other Leave Requests",
              "fullTitle": "Events and Leaves Verify that employee  should navigate to Other Leave Requests",
              "timedOut": null,
              "duration": 3861,
              "state": "passed",
              "speed": "fast",
              "pass": true,
              "fail": false,
              "pending": false,
              "context": null,
              "code": "const lp = new _LoginPage.default();\nconst el = new _essLeaves.default();\nlp.login(\"mnabeel@nisum.com\", \"nisum123\"); // el.clickHamburgMenu()\nel.clickEventAndLeave();\nel.clickOtherLeaveRequests();\nel.verifyOtherLeaveRequestsTitle();\nel.verifyOtherLeaveRequestsURL();",
              "err": {},
              "uuid": "ee4b688a-90a7-418f-8dd4-8131d5486901",
              "parentUUID": "6077fba1-9843-4b51-b30e-3190a7e4ae4c",
              "isHook": false,
              "skipped": false
            },
            {
              "title": "Verify that employee should navigate to My Leave Requests",
              "fullTitle": "Events and Leaves Verify that employee should navigate to My Leave Requests",
              "timedOut": null,
              "duration": 3866,
              "state": "passed",
              "speed": "fast",
              "pass": true,
              "fail": false,
              "pending": false,
              "context": null,
              "code": "const lp = new _LoginPage.default();\nconst el = new _essLeaves.default();\nlp.login(\"mnabeel@nisum.com\", \"nisum123\"); // el.clickHamburgMenu()\nel.clickEventAndLeave();\nel.clickMyLeaveRequests();\nel.verifyMyLeaveRequestsTitle();\nel.verifyMyLeaveRequestsURL();",
              "err": {},
              "uuid": "fbf18e69-9b42-4c9b-b204-4cdef5159805",
              "parentUUID": "6077fba1-9843-4b51-b30e-3190a7e4ae4c",
              "isHook": false,
              "skipped": false
            }
          ],
          "suites": [],
          "passes": [
            "de901bda-cf8f-4c25-b19c-415c6f93f08b",
            "a77fad5e-91d6-43b1-bf2f-d40c6ecba374",
            "ee4b688a-90a7-418f-8dd4-8131d5486901",
            "fbf18e69-9b42-4c9b-b204-4cdef5159805"
          ],
          "failures": [],
          "pending": [],
          "skipped": [],
          "duration": 26908,
          "root": false,
          "rootEmpty": false,
          "_timeout": 2000
        }
      ],
      "passes": [],
      "failures": [],
      "pending": [],
      "skipped": [],
      "duration": 0,
      "root": true,
      "rootEmpty": true,
      "_timeout": 2000
    }
  ],
  "meta": {
    "mocha": {
      "version": "7.0.1"
    },
    "mochawesome": {
      "options": {
        "quiet": false,
        "reportFilename": "mochawesome",
        "saveHtml": true,
        "saveJson": true,
        "consoleReporter": "spec",
        "useInlineDiffs": false,
        "code": true
      },
      "version": "7.1.3"
    },
    "marge": {
      "options": {
        "reportDir": "cypress/reports",
        "reportFileName": "report",
        "overwrite": false,
        "html": true,
        "json": true
      },
      "version": "6.2.0"
    }
  }
}